This is pdfTeX, Version 3.14159265-2.6-1.40.20 (TeX Live 2019) (preloaded format=pdflatex 2019.10.30)  23 NOV 2019 18:17
entering extended mode
 restricted \write18 enabled.
 file:line:error style messages enabled.
 %&-line parsing enabled.
**brahmana1.tex
(./brahmana1.tex
LaTeX2e <2018-12-01>
./brahmana1.tex:7: Undefined control sequence.
l.7 \chapter
            {bArxhamxNa 1 : SaDAcAyaR bArxhamxNa}
? 
./brahmana1.tex:7: Emergency stop.
l.7 \chapter
            {bArxhamxNa 1 : SaDAcAyaR bArxhamxNa}
End of file on the terminal!

 
Here is how much of TeX's memory you used:
 5 strings out of 492623
 135 string characters out of 6129536
 56965 words of memory out of 5000000
 4018 multiletter control sequences out of 15000+600000
 3640 words of font info for 14 fonts, out of 8000000 for 9000
 1141 hyphenation exceptions out of 60000
 5i,0n,1p,61b,8s stack positions out of 5000i,500n,10000p,200000b,80000s
./brahmana1.tex:7:  ==> Fatal error occurred, no output PDF file produced!
